<?xml version="1.0" encoding="UTF-8"?>
<!-- Generated by org.testng.reporters.JUnitReportReporter -->
<testsuite skipped="0" hostname="Hp" name="a1_googleTest.A1_GoogleTest" tests="1" failures="0" timestamp="20 Feb 2023 08:13:16 GMT" time="11.212" errors="0">
  <testcase name="verifyGooglePage" time="11.212" classname="a1_googleTest.A1_GoogleTest"/>
</testsuite> <!-- a1_googleTest.A1_GoogleTest -->
