<?xml version="1.0" encoding="UTF-8"?>
<!-- Generated by org.testng.reporters.JUnitReportReporter -->
<testsuite skipped="0" hostname="Hp" name="a2_bingTest.A1_BingTest" tests="1" failures="0" timestamp="20 Feb 2023 08:13:16 GMT" time="4.980" errors="0">
  <testcase name="verifyGooglePage" time="4.980" classname="a2_bingTest.A1_BingTest"/>
</testsuite> <!-- a2_bingTest.A1_BingTest -->
