<?xml version="1.0" encoding="UTF-8"?>
<!-- Generated by org.testng.reporters.JUnitReportReporter -->
<testsuite skipped="0" hostname="Hp" name="a1_googleTest.A1_GoogleTest" tests="1" failures="0" timestamp="18 Jan 2023 19:01:33 GMT" time="8.453" errors="0">
  <testcase name="verifyGooglePage" time="8.453" classname="a1_googleTest.A1_GoogleTest"/>
</testsuite> <!-- a1_googleTest.A1_GoogleTest -->
